2026-05-16 09:12:19 - INFO - [reservas] - Reserva creada correctamente
2026-05-16 09:15:11 - INFO - [simulador] - Registro OK: ana
2026-05-16 09:15:11 - INFO - [simulador] - Registro OK: luis
2026-05-16 09:15:11 - ERROR - [simulador] - Registro FALLIDO (maria): Nombre inválido. Solo se permiten letras.
2026-05-16 09:15:11 - ERROR - [simulador] - Registro FALLIDO (carlos): Correo inválido. Debe contener @ y .
2026-05-16 09:15:11 - INFO - [simulador] - Registro OK: vero
2026-05-16 09:15:11 - INFO - [reservas] - Reserva creada correctamente
2026-05-16 09:15:11 - INFO - [simulador] - Reserva creada OK: Sala para ana
2026-05-16 09:15:11 - ERROR - [reservas] - Error al crear reserva: El servicio no está disponible.
2026-05-16 09:15:11 - ERROR - [simulador] - Reserva FALLIDA (ServicioInexistente): No se puede crear la reserva con los datos ingresados.
2026-05-16 09:15:11 - ERROR - [reservas] - Error al crear reserva: La fecha de inicio no puede ser mayor a la fecha final.
2026-05-16 09:15:11 - ERROR - [simulador] - Reserva FALLIDA (Sala): No se puede crear la reserva con los datos ingresados.
2026-05-16 09:15:11 - ERROR - [reservas] - Error al crear reserva: El servicio no está disponible.
2026-05-16 09:15:11 - ERROR - [simulador] - Reserva FALLIDA (AlquilerEquipo): No se puede crear la reserva con los datos ingresados.
2026-05-16 09:15:11 - INFO - [reservas] - Reserva creada correctamente
2026-05-16 09:15:11 - INFO - [simulador] - Reserva creada OK: AlquilerEquipo para vero
2026-05-16 09:15:11 - INFO - [reservas] - Reserva cancelada correctamente
2026-05-16 09:15:11 - INFO - [simulador] - Reserva cancelada OK: <servicios.Sala object at 0x000002272C624510> para ana
2026-05-16 09:15:11 - ERROR - [reservas] - Error al cancelar reserva: La reserva ya está cancelada.
2026-05-16 09:15:11 - ERROR - [simulador] - Cancelación FALLIDA: La reserva ya está cancelada.
2026-05-16 09:15:11 - INFO - [simulador] - Simulación finalizada: 3 clientes, 2 reservas
2026-05-16 09:31:52 - INFO - [main] - Cliente registrado: usermen
2026-05-16 09:31:58 - INFO - [main] - Login exitoso: usermen
2026-05-16 09:32:40 - INFO - [reservas] - Reserva creada correctamente
2026-05-16 09:32:40 - INFO - [main] - Reserva creada: Asesoria para usermen
2026-05-16 09:35:26 - INFO - [main] - Cliente registrado: usermen
2026-05-16 09:35:32 - INFO - [main] - Login exitoso: usermen
2026-05-16 09:35:54 - INFO - [reservas] - Reserva creada correctamente
2026-05-16 09:35:54 - INFO - [main] - Reserva creada: AlquilerEquipo para usermen
2026-05-16 09:35:58 - INFO - [reservas] - Reserva cancelada correctamente
2026-05-16 09:35:58 - INFO - [main] - Reserva cancelada por usermen
2026-05-16 09:39:24 - ERROR - [main] - Error en login: Usuario o contraseña incorrectos.
2026-05-16 09:39:29 - ERROR - [main] - Error en login: Usuario o contraseña incorrectos.
2026-05-16 09:39:37 - ERROR - [main] - Error en registro: Nombre inválido. Solo se permiten letras.
2026-05-16 09:39:42 - ERROR - [main] - Error en registro: Debe seleccionar un tipo de documento válido.
2026-05-16 09:39:47 - ERROR - [main] - Error en registro: Correo inválido. Debe contener @ y .
2026-05-16 09:39:58 - INFO - [main] - Cliente registrado: usermen
2026-05-16 09:40:00 - INFO - [main] - Login exitoso: usermen
